<?xml version="1.0" encoding="UTF-8"?>
<!-- Generated by org.testng.reporters.JUnitXMLReporter -->
<testsuite hostname="Mirays-MacBook-Pro.local" ignored="3" name="Regression Test" tests="7" failures="0" timestamp="2020-04-20T03:44:05 EDT" time="105.475" errors="0">
  <testcase name="EP_1001" time="12.461" classname="EnesFramework.HeaderTest"/>
  <testcase name="EP_1002" time="6.311" classname="EnesFramework.HeaderTest"/>
  <testcase name="EP_1004" time="12.286" classname="EnesFramework.HeaderTest"/>
  <testcase name="EP_1005" time="10.069" classname="EnesFramework.HeaderTest"/>
  <testcase name="SIT_1000" time="2.005" classname="EnesFramework.SignInTest"/>
  <testcase name="SIT_1001" time="2.002" classname="EnesFramework.SignInTest"/>
  <testcase name="ST_1000" time="2.001" classname="EnesFramework.SearchTest"/>
  <testcase name="ST_1001" time="0.0" classname="EnesFramework.SearchTest">
    <ignored/>
  </testcase> <!-- ST_1001 -->
  <testcase name="EP_1006" time="0.0" classname="EnesFramework.HeaderTest">
    <ignored/>
  </testcase> <!-- EP_1006 -->
  <testcase name="EP_1003" time="0.0" classname="EnesFramework.HeaderTest">
    <ignored/>
  </testcase> <!-- EP_1003 -->
</testsuite> <!-- Regression Test -->
