<?xml version="1.0" encoding="UTF-8"?>
<!-- Generated by org.testng.reporters.JUnitXMLReporter -->
<testsuite hostname="Mirays-MacBook-Pro.local" ignored="4" name="Regression Test" tests="6" failures="0" timestamp="2020-04-20T02:14:51 EDT" time="86.336" errors="0">
  <testcase name="EP_1001" time="8.985" classname="EnesFramework.HeaderTest"/>
  <testcase name="EP_1002" time="5.661" classname="EnesFramework.HeaderTest"/>
  <testcase name="EP_1004" time="12.074" classname="EnesFramework.HeaderTest"/>
  <testcase name="EP_1005" time="9.344" classname="EnesFramework.HeaderTest"/>
  <testcase name="SIT_1000" time="2.001" classname="EnesFramework.SignInTest"/>
  <testcase name="SIT_1001" time="2.001" classname="EnesFramework.SignInTest"/>
  <testcase name="ST_1001" time="0.0" classname="EnesFramework.SearchTest">
    <ignored/>
  </testcase> <!-- ST_1001 -->
  <testcase name="EP_1006" time="0.0" classname="EnesFramework.HeaderTest">
    <ignored/>
  </testcase> <!-- EP_1006 -->
  <testcase name="EP_1003" time="0.0" classname="EnesFramework.HeaderTest">
    <ignored/>
  </testcase> <!-- EP_1003 -->
  <testcase name="ST_1000" time="0.0" classname="EnesFramework.SearchTest">
    <ignored/>
  </testcase> <!-- ST_1000 -->
</testsuite> <!-- Regression Test -->
