<?xml version="1.0" encoding="UTF-8"?>
<!-- Generated by org.testng.reporters.JUnitXMLReporter -->
<testsuite hostname="Mirays-MacBook-Pro.local" ignored="5" name="Sanity Test" tests="3" failures="0" timestamp="2020-04-20T03:40:41 EDT" time="39.964" errors="0">
  <testcase name="EP_1001" time="12.463" classname="EnesFramework.HeaderTest"/>
  <testcase name="SIT_1000" time="2.005" classname="EnesFramework.SignInTest"/>
  <testcase name="SIT_1001" time="2.0" classname="EnesFramework.SignInTest"/>
  <testcase name="EP_1002" time="0.0" classname="EnesFramework.HeaderTest">
    <ignored/>
  </testcase> <!-- EP_1002 -->
  <testcase name="EP_1004" time="0.0" classname="EnesFramework.HeaderTest">
    <ignored/>
  </testcase> <!-- EP_1004 -->
  <testcase name="EP_1006" time="0.0" classname="EnesFramework.HeaderTest">
    <ignored/>
  </testcase> <!-- EP_1006 -->
  <testcase name="EP_1003" time="0.0" classname="EnesFramework.HeaderTest">
    <ignored/>
  </testcase> <!-- EP_1003 -->
  <testcase name="EP_1005" time="0.0" classname="EnesFramework.HeaderTest">
    <ignored/>
  </testcase> <!-- EP_1005 -->
</testsuite> <!-- Sanity Test -->
