<?xml version="1.0" encoding="UTF-8"?>
<testng-results skipped="0" failed="0" ignored="3" total="10" passed="7">
  <reporter-output>
  </reporter-output>
  <suite name="ElmoTest Regression" duration-ms="105475" started-at="2020-04-20T03:42:14 EDT" finished-at="2020-04-20T03:44:00 EDT">
    <groups>
    </groups>
    <test name="Regression Test" duration-ms="105475" started-at="2020-04-20T03:42:14 EDT" finished-at="2020-04-20T03:44:00 EDT">
      <class name="EnesFramework.HeaderTest">
        <test-method status="PASS" signature="startTest()[pri:0, instance:EnesFramework.HeaderTest@68be2bc2]" name="startTest" is-config="true" duration-ms="4147" started-at="2020-04-20T03:42:14 EDT" finished-at="2020-04-20T03:42:19 EDT">
          <reporter-output>
          </reporter-output>
        </test-method> <!-- startTest -->
        <test-method status="PASS" signature="EP_1001()[pri:0, instance:EnesFramework.HeaderTest@68be2bc2]" name="EP_1001" duration-ms="12461" started-at="2020-04-20T03:42:19 EDT" finished-at="2020-04-20T03:42:31 EDT">
          <reporter-output>
          </reporter-output>
        </test-method> <!-- EP_1001 -->
        <test-method status="PASS" signature="endTest()[pri:0, instance:EnesFramework.HeaderTest@68be2bc2]" name="endTest" is-config="true" duration-ms="3448" started-at="2020-04-20T03:42:31 EDT" finished-at="2020-04-20T03:42:35 EDT">
          <reporter-output>
          </reporter-output>
        </test-method> <!-- endTest -->
        <test-method status="PASS" signature="startTest()[pri:0, instance:EnesFramework.HeaderTest@68be2bc2]" name="startTest" is-config="true" duration-ms="4372" started-at="2020-04-20T03:42:35 EDT" finished-at="2020-04-20T03:42:39 EDT">
          <reporter-output>
          </reporter-output>
        </test-method> <!-- startTest -->
        <test-method status="PASS" signature="EP_1002()[pri:0, instance:EnesFramework.HeaderTest@68be2bc2]" name="EP_1002" duration-ms="6311" started-at="2020-04-20T03:42:39 EDT" finished-at="2020-04-20T03:42:45 EDT">
          <reporter-output>
          </reporter-output>
        </test-method> <!-- EP_1002 -->
        <test-method status="PASS" signature="endTest()[pri:0, instance:EnesFramework.HeaderTest@68be2bc2]" name="endTest" is-config="true" duration-ms="3217" started-at="2020-04-20T03:42:45 EDT" finished-at="2020-04-20T03:42:48 EDT">
          <reporter-output>
          </reporter-output>
        </test-method> <!-- endTest -->
        <test-method status="PASS" signature="startTest()[pri:0, instance:EnesFramework.HeaderTest@68be2bc2]" name="startTest" is-config="true" duration-ms="5382" started-at="2020-04-20T03:42:48 EDT" finished-at="2020-04-20T03:42:54 EDT">
          <reporter-output>
          </reporter-output>
        </test-method> <!-- startTest -->
        <test-method status="PASS" signature="EP_1004()[pri:0, instance:EnesFramework.HeaderTest@68be2bc2]" name="EP_1004" duration-ms="12286" started-at="2020-04-20T03:42:54 EDT" finished-at="2020-04-20T03:43:06 EDT">
          <reporter-output>
          </reporter-output>
        </test-method> <!-- EP_1004 -->
        <test-method status="PASS" signature="endTest()[pri:0, instance:EnesFramework.HeaderTest@68be2bc2]" name="endTest" is-config="true" duration-ms="3232" started-at="2020-04-20T03:43:06 EDT" finished-at="2020-04-20T03:43:09 EDT">
          <reporter-output>
          </reporter-output>
        </test-method> <!-- endTest -->
        <test-method status="PASS" signature="startTest()[pri:0, instance:EnesFramework.HeaderTest@68be2bc2]" name="startTest" is-config="true" duration-ms="4623" started-at="2020-04-20T03:43:09 EDT" finished-at="2020-04-20T03:43:14 EDT">
          <reporter-output>
          </reporter-output>
        </test-method> <!-- startTest -->
        <test-method status="PASS" signature="EP_1005()[pri:0, instance:EnesFramework.HeaderTest@68be2bc2]" name="EP_1005" duration-ms="10069" started-at="2020-04-20T03:43:14 EDT" finished-at="2020-04-20T03:43:24 EDT">
          <reporter-output>
          </reporter-output>
        </test-method> <!-- EP_1005 -->
        <test-method status="PASS" signature="endTest()[pri:0, instance:EnesFramework.HeaderTest@68be2bc2]" name="endTest" is-config="true" duration-ms="3228" started-at="2020-04-20T03:43:24 EDT" finished-at="2020-04-20T03:43:27 EDT">
          <reporter-output>
          </reporter-output>
        </test-method> <!-- endTest -->
      </class> <!-- EnesFramework.HeaderTest -->
      <class name="EnesFramework.SearchTest">
        <test-method status="PASS" signature="startTest()[pri:0, instance:EnesFramework.SearchTest@675d3402]" name="startTest" is-config="true" duration-ms="6417" started-at="2020-04-20T03:43:48 EDT" finished-at="2020-04-20T03:43:55 EDT">
          <reporter-output>
          </reporter-output>
        </test-method> <!-- startTest -->
        <test-method status="PASS" signature="ST_1000()[pri:0, instance:EnesFramework.SearchTest@675d3402]" name="ST_1000" duration-ms="2001" started-at="2020-04-20T03:43:55 EDT" finished-at="2020-04-20T03:43:57 EDT">
          <reporter-output>
          </reporter-output>
        </test-method> <!-- ST_1000 -->
        <test-method status="PASS" signature="endTest()[pri:0, instance:EnesFramework.SearchTest@675d3402]" name="endTest" is-config="true" duration-ms="3193" started-at="2020-04-20T03:43:57 EDT" finished-at="2020-04-20T03:44:00 EDT">
          <reporter-output>
          </reporter-output>
        </test-method> <!-- endTest -->
      </class> <!-- EnesFramework.SearchTest -->
      <class name="EnesFramework.SignInTest">
        <test-method status="PASS" signature="startTest()[pri:0, instance:EnesFramework.SignInTest@28feb3fa]" name="startTest" is-config="true" duration-ms="4512" started-at="2020-04-20T03:43:27 EDT" finished-at="2020-04-20T03:43:32 EDT">
          <reporter-output>
          </reporter-output>
        </test-method> <!-- startTest -->
        <test-method status="PASS" signature="SIT_1000()[pri:0, instance:EnesFramework.SignInTest@28feb3fa]" name="SIT_1000" duration-ms="2005" started-at="2020-04-20T03:43:32 EDT" finished-at="2020-04-20T03:43:34 EDT">
          <reporter-output>
          </reporter-output>
        </test-method> <!-- SIT_1000 -->
        <test-method status="PASS" signature="endTest()[pri:0, instance:EnesFramework.SignInTest@28feb3fa]" name="endTest" is-config="true" duration-ms="3236" started-at="2020-04-20T03:43:34 EDT" finished-at="2020-04-20T03:43:37 EDT">
          <reporter-output>
          </reporter-output>
        </test-method> <!-- endTest -->
        <test-method status="PASS" signature="startTest()[pri:0, instance:EnesFramework.SignInTest@28feb3fa]" name="startTest" is-config="true" duration-ms="6066" started-at="2020-04-20T03:43:37 EDT" finished-at="2020-04-20T03:43:43 EDT">
          <reporter-output>
          </reporter-output>
        </test-method> <!-- startTest -->
        <test-method status="PASS" signature="SIT_1001()[pri:0, instance:EnesFramework.SignInTest@28feb3fa]" name="SIT_1001" duration-ms="2002" started-at="2020-04-20T03:43:43 EDT" finished-at="2020-04-20T03:43:45 EDT">
          <reporter-output>
          </reporter-output>
        </test-method> <!-- SIT_1001 -->
        <test-method status="PASS" signature="endTest()[pri:0, instance:EnesFramework.SignInTest@28feb3fa]" name="endTest" is-config="true" duration-ms="3229" started-at="2020-04-20T03:43:45 EDT" finished-at="2020-04-20T03:43:48 EDT">
          <reporter-output>
          </reporter-output>
        </test-method> <!-- endTest -->
      </class> <!-- EnesFramework.SignInTest -->
    </test> <!-- Regression Test -->
  </suite> <!-- ElmoTest Regression -->
</testng-results>
